<?xml version="1.0" encoding="UTF-8"?>
<!-- Generated by org.testng.reporters.JUnitReportReporter -->
<testsuite hostname="DESKTOP-NVQLMFJ" failures="0" tests="2" name="testNgStudy.NewTestNG3" time="0.009" errors="0" timestamp="2023-12-19T18:12:15 IST" skipped="0">
  <testcase classname="testNgStudy.NewTestNG3" name="test2" time="0.003">
    <system-out>
      <![CDATA[Test 2 process 6]]>
    </system-out>
  </testcase> <!-- test2 -->
  <testcase classname="testNgStudy.NewTestNG3" name="f" time="0.006">
    <system-out>
      <![CDATA[test case program 3]]>
    </system-out>
  </testcase> <!-- f -->
  <system-out>
    <![CDATA[before class process 1
before method process 2
test case program 3
after method procedure 4
before method process 2
Test 2 process 6
after method procedure 4
Atfer class process 5]]>
  </system-out>
</testsuite> <!-- testNgStudy.NewTestNG3 -->
