<?xml version="1.0" encoding="UTF-8"?>
<!-- Generated by org.testng.reporters.JUnitReportReporter -->
<testsuite hostname="DESKTOP-NVQLMFJ" failures="0" tests="1" name="testNgSerialAndParallel.Ajio" time="8.280" errors="0" timestamp="2023-12-26T12:32:56 IST" skipped="0">
  <testcase classname="testNgSerialAndParallel.Ajio" name="ajio" time="8.280"/>
</testsuite> <!-- testNgSerialAndParallel.Ajio -->
