<?xml version="1.0" encoding="UTF-8"?>
<!-- Generated by org.testng.reporters.JUnitReportReporter -->
<testsuite hostname="DESKTOP-NVQLMFJ" failures="0" tests="6" name="testNgStudy.NewTestNG6" time="0.031" errors="0" timestamp="2023-12-20T19:16:37 IST" skipped="0">
  <testcase classname="testNgStudy.NewTestNG6" name="TC2" time="0.019">
    <system-out>
      <![CDATA[TC 2 is running]]>
    </system-out>
  </testcase> <!-- TC2 -->
  <testcase classname="testNgStudy.NewTestNG6" name="TC4" time="0.002">
    <system-out>
      <![CDATA[TC 3 is running]]>
    </system-out>
  </testcase> <!-- TC4 -->
  <testcase classname="testNgStudy.NewTestNG6" name="TC4" time="0.005">
    <system-out>
      <![CDATA[TC 3 is running]]>
    </system-out>
  </testcase> <!-- TC4 -->
  <testcase classname="testNgStudy.NewTestNG6" name="TC4" time="0.004">
    <system-out>
      <![CDATA[TC 3 is running]]>
    </system-out>
  </testcase> <!-- TC4 -->
  <testcase classname="testNgStudy.NewTestNG6" name="TC3" time="0.001">
    <system-out>
      <![CDATA[TC3 is running]]>
    </system-out>
  </testcase> <!-- TC3 -->
  <testcase classname="testNgStudy.NewTestNG6" name="tc1" time="0.000">
    <system-out>
      <![CDATA[TC1 process]]>
    </system-out>
  </testcase> <!-- tc1 -->
  <system-out>
    <![CDATA[befMethis running
TC 2 is running
AftMeth process
befMethis running
TC 3 is running
AftMeth process
befMethis running
TC 3 is running
AftMeth process
befMethis running
TC 3 is running
AftMeth process
befMethis running
TC3 is running
AftMeth process
befMethis running
TC1 process
AftMeth process]]>
  </system-out>
</testsuite> <!-- testNgStudy.NewTestNG6 -->
