<?xml version="1.0" encoding="UTF-8"?>
<!-- Generated by org.testng.reporters.JUnitReportReporter -->
<testsuite hostname="DESKTOP-NVQLMFJ" failures="0" tests="2" name="testNgStudy.NewTestNG10" time="0.024" errors="0" timestamp="2023-12-22T14:27:48 IST" skipped="0">
  <testcase classname="testNgStudy.NewTestNG10" name="tc6" time="0.019">
    <system-out>
      <![CDATA[tc6 is running]]>
    </system-out>
  </testcase> <!-- tc6 -->
  <testcase classname="testNgStudy.NewTestNG10" name="tc9" time="0.005">
    <system-out>
      <![CDATA[tc9 is running]]>
    </system-out>
  </testcase> <!-- tc9 -->
  <system-out>
    <![CDATA[tc6 is running
tc9 is running
tc1 is running
tc3 is running
tc5 is running]]>
  </system-out>
</testsuite> <!-- testNgStudy.NewTestNG10 -->
