<?xml version="1.0" encoding="UTF-8"?>
<!-- Generated by org.testng.reporters.JUnitReportReporter -->
<testsuite hostname="DESKTOP-NVQLMFJ" failures="0" tests="1" name="testNgStudy.NewTestNG4" time="0.005" errors="0" timestamp="2023-12-20T19:03:20 IST" skipped="0">
  <testcase classname="testNgStudy.NewTestNG4" name="tc1" time="0.005">
    <system-out>
      <![CDATA[TC1 is running]]>
    </system-out>
  </testcase> <!-- tc1 -->
  <system-out>
    <![CDATA[BefSuit is running
befTest is running
befClass is running
BefMeth is running
TC2 is running
AftMeth is running
aftClass is running
befClass is running
befMeth is running
TC1 is running
aftMeth is running
AfCl is running
AfteTest is running
AftSuit is running]]>
  </system-out>
</testsuite> <!-- testNgStudy.NewTestNG4 -->
