<?xml version="1.0" encoding="UTF-8"?>
<!-- Generated by org.testng.reporters.JUnitReportReporter -->
<testsuite hostname="DESKTOP-NVQLMFJ" failures="0" tests="1" name="crossbrowsing.NewTestNgdataProvider" time="5.943" errors="0" timestamp="2023-12-27T18:26:51 IST" skipped="0">
  <testcase classname="crossbrowsing.NewTestNgdataProvider" name="fbDP" time="5.943"/>
</testsuite> <!-- crossbrowsing.NewTestNgdataProvider -->
