<?xml version="1.0" encoding="UTF-8"?>
<!-- Generated by org.testng.reporters.JUnitReportReporter -->
<testsuite hostname="DESKTOP-NVQLMFJ" failures="0" tests="1" name="crossbrowsing.TestCrossBrowser" time="16.316" errors="0" timestamp="2023-12-26T18:56:06 IST" skipped="0">
  <testcase classname="crossbrowsing.TestCrossBrowser" name="f" time="16.316"/>
</testsuite> <!-- crossbrowsing.TestCrossBrowser -->
