<?xml version="1.0" encoding="UTF-8"?>
<!-- Generated by org.testng.reporters.JUnitReportReporter -->
<testsuite hostname="DESKTOP-NVQLMFJ" failures="0" tests="6" name="testNgStudy.NewTestNG7" time="0.050" errors="0" timestamp="2023-12-21T11:48:41 IST" skipped="0">
  <testcase classname="testNgStudy.NewTestNG7" name="caseesA" time="0.011">
    <system-out>
      <![CDATA[case a is running]]>
    </system-out>
  </testcase> <!-- caseesA -->
  <testcase classname="testNgStudy.NewTestNG7" name="casees3" time="0.005">
    <system-out>
      <![CDATA[case 3 is running]]>
    </system-out>
  </testcase> <!-- casees3 -->
  <testcase classname="testNgStudy.NewTestNG7" name="casees3" time="0.006">
    <system-out>
      <![CDATA[case 3 is running]]>
    </system-out>
  </testcase> <!-- casees3 -->
  <testcase classname="testNgStudy.NewTestNG7" name="casees3" time="0.016">
    <system-out>
      <![CDATA[case 3 is running]]>
    </system-out>
  </testcase> <!-- casees3 -->
  <testcase classname="testNgStudy.NewTestNG7" name="casees2" time="0.008">
    <system-out>
      <![CDATA[case 2 is running]]>
    </system-out>
  </testcase> <!-- casees2 -->
  <testcase classname="testNgStudy.NewTestNG7" name="casees1" time="0.004">
    <system-out>
      <![CDATA[case 1 is running]]>
    </system-out>
  </testcase> <!-- casees1 -->
  <system-out>
    <![CDATA[befMe is running
case a is running
afME is running
befMe is running
case 3 is running
afME is running
befMe is running
case 3 is running
afME is running
befMe is running
case 3 is running
afME is running
befMe is running
case 1 is running
afME is running
befMe is running
case 2 is running
afME is running]]>
  </system-out>
</testsuite> <!-- testNgStudy.NewTestNG7 -->
