<?xml version="1.0" encoding="UTF-8"?>
<!-- Generated by org.testng.reporters.JUnitReportReporter -->
<testsuite hostname="DESKTOP-NVQLMFJ" failures="0" tests="1" name="testNgAssertion.NewTestTcTrueFalse" time="0.026" errors="0" timestamp="2023-12-25T14:47:39 IST" skipped="0">
  <testcase classname="testNgAssertion.NewTestTcTrueFalse" name="TrueFalse" time="0.026"/>
</testsuite> <!-- testNgAssertion.NewTestTcTrueFalse -->
