<?xml version="1.0" encoding="UTF-8"?>
<!-- Generated by org.testng.reporters.JUnitReportReporter -->
<testsuite hostname="DESKTOP-NVQLMFJ" failures="0" tests="1" name="testNgSerialAndParallel.Flipkart" time="3.261" errors="0" timestamp="2023-12-26T12:32:56 IST" skipped="0">
  <testcase classname="testNgSerialAndParallel.Flipkart" name="flipkart" time="3.261"/>
</testsuite> <!-- testNgSerialAndParallel.Flipkart -->
