<?xml version="1.0" encoding="UTF-8"?>
<!-- Generated by org.testng.reporters.JUnitReportReporter -->
<testsuite hostname="DESKTOP-NVQLMFJ" failures="0" tests="2" name="crossbrowsing.TestCrossBrowserIfElse" time="27.258" errors="0" timestamp="2023-12-27T18:33:04 IST" skipped="0">
  <testcase classname="crossbrowsing.TestCrossBrowserIfElse" name="crossBrowser" time="15.463"/>
  <testcase classname="crossbrowsing.TestCrossBrowserIfElse" name="crossBrowser" time="11.795"/>
</testsuite> <!-- crossbrowsing.TestCrossBrowserIfElse -->
