<?xml version="1.0" encoding="UTF-8"?>
<!-- Generated by org.testng.reporters.JUnitReportReporter -->
<testsuite hostname="DESKTOP-NVQLMFJ" failures="0" tests="3" name="testNgStudy.NewTNG" time="16.171" errors="0" timestamp="2023-12-18T19:00:54 IST" skipped="0">
  <testcase classname="testNgStudy.NewTNG" name="fb" time="6.207">
    <system-out>
      <![CDATA[fb launching]]>
    </system-out>
  </testcase> <!-- fb -->
  <testcase classname="testNgStudy.NewTNG" name="insta" time="5.396">
    <system-out>
      <![CDATA[instagram]]>
    </system-out>
  </testcase> <!-- insta -->
  <testcase classname="testNgStudy.NewTNG" name="twitter" time="4.568">
    <system-out>
      <![CDATA[twitter]]>
    </system-out>
  </testcase> <!-- twitter -->
  <system-out>
    <![CDATA[fb launching
instagram
twitter]]>
  </system-out>
</testsuite> <!-- testNgStudy.NewTNG -->
