<?xml version="1.0" encoding="UTF-8"?>
<!-- Generated by org.testng.reporters.JUnitReportReporter -->
<testsuite hostname="DESKTOP-NVQLMFJ" failures="0" tests="3" name="testNgStudy.NewTestNG2" time="0.025" errors="0" timestamp="2023-12-19T18:08:27 IST" skipped="0">
  <testcase classname="testNgStudy.NewTestNG2" name="d" time="0.004">
    <system-out>
      <![CDATA[Test d procedure]]>
    </system-out>
  </testcase> <!-- d -->
  <testcase classname="testNgStudy.NewTestNG2" name="j" time="0.005">
    <system-out>
      <![CDATA[test j procedure]]>
    </system-out>
  </testcase> <!-- j -->
  <testcase classname="testNgStudy.NewTestNG2" name="a" time="0.016">
    <system-out>
      <![CDATA[Test a process]]>
    </system-out>
  </testcase> <!-- a -->
  <system-out>
    <![CDATA[before method befme process
Before method bm process
Test a process
After method aftmet process
after method am process
before method befme process
Before method bm process
Test d procedure
After method aftmet process
after method am process
before method befme process
Before method bm process
test j procedure
After method aftmet process
after method am process]]>
  </system-out>
</testsuite> <!-- testNgStudy.NewTestNG2 -->
