<?xml version="1.0" encoding="UTF-8"?>
<!-- Generated by org.testng.reporters.JUnitReportReporter -->
<testsuite hostname="DESKTOP-NVQLMFJ" failures="0" tests="3" name="testNgStudy.NewTestNG9" time="0.013" errors="0" timestamp="2023-12-22T14:27:48 IST" skipped="0">
  <testcase classname="testNgStudy.NewTestNG9" name="tc5" time="0.004">
    <system-out>
      <![CDATA[tc5 is running]]>
    </system-out>
  </testcase> <!-- tc5 -->
  <testcase classname="testNgStudy.NewTestNG9" name="tc3" time="0.003">
    <system-out>
      <![CDATA[tc3 is running]]>
    </system-out>
  </testcase> <!-- tc3 -->
  <testcase classname="testNgStudy.NewTestNG9" name="tc1" time="0.006">
    <system-out>
      <![CDATA[tc1 is running]]>
    </system-out>
  </testcase> <!-- tc1 -->
  <system-out>
    <![CDATA[tc6 is running
tc9 is running
tc1 is running
tc3 is running
tc5 is running]]>
  </system-out>
</testsuite> <!-- testNgStudy.NewTestNG9 -->
