<?xml version="1.0" encoding="UTF-8"?>
<!-- Generated by org.testng.reporters.JUnitReportReporter -->
<testsuite hostname="DESKTOP-NVQLMFJ" failures="0" tests="3" name="crossbrowsing.NewTest" time="34.630" errors="0" timestamp="2023-12-27T18:27:52 IST" skipped="0">
  <testcase classname="crossbrowsing.NewTest" name="fbCreate" time="11.182"/>
  <testcase classname="crossbrowsing.NewTest" name="fbCreate" time="11.194"/>
  <testcase classname="crossbrowsing.NewTest" name="fbCreate" time="12.254"/>
</testsuite> <!-- crossbrowsing.NewTest -->
