<?xml version="1.0" encoding="UTF-8"?>
<!-- Generated by org.testng.reporters.JUnitReportReporter -->
<testsuite hostname="DESKTOP-NVQLMFJ" failures="0" tests="1" name="testNgStudy.TestNgNew" time="10.375" errors="0" timestamp="2023-12-15T20:18:55 IST" skipped="0">
  <testcase classname="testNgStudy.TestNgNew" name="new1" time="10.375"/>
</testsuite> <!-- testNgStudy.TestNgNew -->
