<?xml version="1.0" encoding="UTF-8"?>
<!-- Generated by org.testng.reporters.JUnitReportReporter -->
<testsuite hostname="DESKTOP-NVQLMFJ" failures="0" tests="6" name="testNgStudy.NewTestNG8" time="2.758" errors="0" timestamp="2023-12-21T13:00:10 IST" skipped="0">
  <testcase classname="testNgStudy.NewTestNG8" name="tc2" time="0.914">
    <system-out>
      <![CDATA[tc 2 is running]]>
    </system-out>
  </testcase> <!-- tc2 -->
  <testcase classname="testNgStudy.NewTestNG8" name="tc2" time="0.912">
    <system-out>
      <![CDATA[tc 2 is running]]>
    </system-out>
  </testcase> <!-- tc2 -->
  <testcase classname="testNgStudy.NewTestNG8" name="tc2" time="0.915">
    <system-out>
      <![CDATA[tc 2 is running]]>
    </system-out>
  </testcase> <!-- tc2 -->
  <testcase classname="testNgStudy.NewTestNG8" name="tc4" time="0.002">
    <system-out>
      <![CDATA[tc 4 is running]]>
    </system-out>
  </testcase> <!-- tc4 -->
  <testcase classname="testNgStudy.NewTestNG8" name="tc1" time="0.013">
    <system-out>
      <![CDATA[tc 1 is running]]>
    </system-out>
  </testcase> <!-- tc1 -->
  <testcase classname="testNgStudy.NewTestNG8" name="tc3" time="0.002">
    <system-out>
      <![CDATA[tc 3 is running]]>
    </system-out>
  </testcase> <!-- tc3 -->
  <system-out>
    <![CDATA[tc 1 is running
tc 3 is running
tc 2 is running
tc 2 is running
tc 2 is running
tc 4 is running]]>
  </system-out>
</testsuite> <!-- testNgStudy.NewTestNG8 -->
